<?xml version="1.0" encoding="UTF-8"?>
<testng-results ignored="0" total="1" passed="1" failed="0" skipped="0">
  <reporter-output>
    <line>
      <![CDATA[Contact Created...Test script pass...]]>
    </line>
  </reporter-output>
  <suite started-at="2021-12-28T14:16:01 IST" name="Default suite" finished-at="2021-12-28T14:16:21 IST" duration-ms="20403">
    <groups>
      <group name="SmokeSuit">
        <method signature="CreateContactTest.createContactTest()[pri:0, instance:com.crm.autodesk.contacttest.CreateContactTest@72f926e6]" name="createContactTest" class="com.crm.autodesk.contacttest.CreateContactTest"/>
      </group> <!-- SmokeSuit -->
    </groups>
    <test started-at="2021-12-28T14:16:01 IST" name="Default test" finished-at="2021-12-28T14:16:21 IST" duration-ms="20403">
      <class name="com.crm.autodesk.contacttest.CreateContactTest">
        <test-method is-config="true" signature="openDbConnection()[pri:0, instance:com.crm.autodesk.contacttest.CreateContactTest@72f926e6]" started-at="2021-12-28T14:16:01 IST" name="openDbConnection" finished-at="2021-12-28T14:16:01 IST" duration-ms="206" status="PASS">
          <reporter-output>
          </reporter-output>
        </test-method> <!-- openDbConnection -->
        <test-method is-config="true" signature="launchBrowser()[pri:0, instance:com.crm.autodesk.contacttest.CreateContactTest@72f926e6]" started-at="2021-12-28T14:16:01 IST" name="launchBrowser" finished-at="2021-12-28T14:16:04 IST" duration-ms="3131" status="PASS">
          <reporter-output>
          </reporter-output>
        </test-method> <!-- launchBrowser -->
        <test-method is-config="true" signature="loginToApp()[pri:0, instance:com.crm.autodesk.contacttest.CreateContactTest@72f926e6]" started-at="2021-12-28T14:16:04 IST" name="loginToApp" finished-at="2021-12-28T14:16:08 IST" duration-ms="3445" status="PASS">
          <reporter-output>
          </reporter-output>
        </test-method> <!-- loginToApp -->
        <test-method signature="createContactTest()[pri:0, instance:com.crm.autodesk.contacttest.CreateContactTest@72f926e6]" started-at="2021-12-28T14:16:08 IST" name="createContactTest" finished-at="2021-12-28T14:16:19 IST" duration-ms="11555" status="PASS">
          <reporter-output>
            <line>
              <![CDATA[Contact Created...Test script pass...]]>
            </line>
          </reporter-output>
        </test-method> <!-- createContactTest -->
        <test-method is-config="true" signature="logOutApp()[pri:0, instance:com.crm.autodesk.contacttest.CreateContactTest@72f926e6]" started-at="2021-12-28T14:16:19 IST" name="logOutApp" finished-at="2021-12-28T14:16:21 IST" duration-ms="1872" status="PASS">
          <reporter-output>
          </reporter-output>
        </test-method> <!-- logOutApp -->
        <test-method is-config="true" signature="closeBrowser()[pri:0, instance:com.crm.autodesk.contacttest.CreateContactTest@72f926e6]" started-at="2021-12-28T14:16:21 IST" name="closeBrowser" finished-at="2021-12-28T14:16:21 IST" duration-ms="346" status="PASS">
          <reporter-output>
          </reporter-output>
        </test-method> <!-- closeBrowser -->
        <test-method is-config="true" signature="closeDbConnection()[pri:0, instance:com.crm.autodesk.contacttest.CreateContactTest@72f926e6]" started-at="2021-12-28T14:16:22 IST" name="closeDbConnection" finished-at="2021-12-28T14:16:22 IST" duration-ms="2" status="PASS">
          <reporter-output>
          </reporter-output>
        </test-method> <!-- closeDbConnection -->
      </class> <!-- com.crm.autodesk.contacttest.CreateContactTest -->
    </test> <!-- Default test -->
  </suite> <!-- Default suite -->
</testng-results>
