<?xml version="1.0" encoding="UTF-8"?>
<testng-results ignored="0" total="1" passed="1" failed="0" skipped="0">
  <reporter-output>
    <line>
      <![CDATA[Marbles data found in response body]]>
    </line>
    <line>
      <![CDATA[Marbles data created by in db]]>
    </line>
    <line>
      <![CDATA[Verification successful]]>
    </line>
  </reporter-output>
  <suite started-at="2022-02-12T16:09:17 IST" name="Default suite" finished-at="2022-02-12T16:09:20 IST" duration-ms="2439">
    <groups>
    </groups>
    <test started-at="2022-02-12T16:09:17 IST" name="Default test" finished-at="2022-02-12T16:09:20 IST" duration-ms="2439">
      <class name="com.RMGYantraTest.ModifyResourceAndVerifyInDbTest">
        <test-method is-config="true" signature="bsConfig()[pri:0, instance:com.RMGYantraTest.ModifyResourceAndVerifyInDbTest@61862a7f]" started-at="2022-02-12T16:09:16 IST" name="bsConfig" finished-at="2022-02-12T16:09:17 IST" duration-ms="1107" status="PASS">
          <reporter-output>
          </reporter-output>
        </test-method> <!-- bsConfig -->
        <test-method signature="modifyResourceAndVerifyInDbTest()[pri:0, instance:com.RMGYantraTest.ModifyResourceAndVerifyInDbTest@61862a7f]" started-at="2022-02-12T16:09:17 IST" name="modifyResourceAndVerifyInDbTest" finished-at="2022-02-12T16:09:20 IST" duration-ms="2403" status="PASS">
          <reporter-output>
            <line>
              <![CDATA[Marbles data found in response body]]>
            </line>
            <line>
              <![CDATA[Marbles data created by in db]]>
            </line>
            <line>
              <![CDATA[Verification successful]]>
            </line>
          </reporter-output>
        </test-method> <!-- modifyResourceAndVerifyInDbTest -->
        <test-method is-config="true" signature="asConfing()[pri:0, instance:com.RMGYantraTest.ModifyResourceAndVerifyInDbTest@61862a7f]" started-at="2022-02-12T16:09:20 IST" name="asConfing" finished-at="2022-02-12T16:09:20 IST" duration-ms="2" status="PASS">
          <reporter-output>
          </reporter-output>
        </test-method> <!-- asConfing -->
      </class> <!-- com.RMGYantraTest.ModifyResourceAndVerifyInDbTest -->
    </test> <!-- Default test -->
  </suite> <!-- Default suite -->
</testng-results>
