<?xml version="1.0" encoding="UTF-8"?>
<!-- Generated by org.testng.reporters.JUnitXMLReporter -->
<testsuite ignored="2" hostname="DESKTOP-EIOB9NI" failures="0" tests="1" name="Test1" time="54.847" errors="0" timestamp="2021-12-28T04:21:15 IST">
  <testcase classname="com.crm.autodesk.contacttest.CreateContactWithOrganizationTest" name="createContactWithOrg" time="19.772"/>
  <testcase classname="com.crm.autodesk.genericUtility.BaseClass" name="@BeforeSuite openDbConnection" time="0.0">
    <ignored/>
  </testcase> <!-- @BeforeSuite openDbConnection -->
  <testcase classname="com.crm.autodesk.genericUtility.BaseClass" name="@AfterSuite closeDbConnection" time="0.0">
    <ignored/>
  </testcase> <!-- @AfterSuite closeDbConnection -->
</testsuite> <!-- Test1 -->
