<?xml version="1.0" encoding="UTF-8"?>
<!-- Generated by org.testng.reporters.JUnitXMLReporter -->
<testsuite ignored="2" hostname="DESKTOP-EIOB9NI" failures="0" tests="2" name="Test2" time="63.048" errors="0" timestamp="2022-01-01T18:27:36 IST">
  <testcase classname="com.crm.autodesk.contacttest.CreateContactTest" name="createContactTest" time="15.267"/>
  <testcase classname="com.crm.autodesk.contacttest.CreateContactWithOrganizationTest" name="createContactWithOrg" time="14.528"/>
  <testcase classname="com.crm.autodesk.genericUtility.BaseClass" name="@BeforeSuite openDbConnection" time="0.0">
    <ignored/>
  </testcase> <!-- @BeforeSuite openDbConnection -->
  <testcase classname="com.crm.autodesk.genericUtility.BaseClass" name="@AfterSuite closeDbConnection" time="0.0">
    <ignored/>
  </testcase> <!-- @AfterSuite closeDbConnection -->
</testsuite> <!-- Test2 -->
