<?xml version="1.0" encoding="UTF-8"?>
<!-- Generated by org.testng.reporters.JUnitXMLReporter -->
<testsuite ignored="2" hostname="DESKTOP-EIOB9NI" failures="0" tests="2" name="Test2" time="61.778" errors="0" timestamp="2021-12-28T04:21:22 IST">
  <testcase classname="com.crm.autodesk.producttest.CreateProductsTest" name="CreateProductTest" time="14.993"/>
  <testcase classname="com.crm.autodesk.producttest.CreateProductWithVendorTest" name="createProductWithVendorTest" time="15.851"/>
  <testcase classname="com.crm.autodesk.genericUtility.BaseClass" name="@BeforeSuite openDbConnection" time="0.0">
    <ignored/>
  </testcase> <!-- @BeforeSuite openDbConnection -->
  <testcase classname="com.crm.autodesk.genericUtility.BaseClass" name="@AfterSuite closeDbConnection" time="0.0">
    <ignored/>
  </testcase> <!-- @AfterSuite closeDbConnection -->
</testsuite> <!-- Test2 -->
