<?xml version="1.0" encoding="UTF-8"?>
<!-- Generated by org.testng.reporters.JUnitXMLReporter -->
<testsuite ignored="6" hostname="DESKTOP-EIOB9NI" failures="0" tests="4" name="Test" time="92.409" errors="0" timestamp="2022-01-01T18:07:06 IST">
  <testcase classname="com.crm.autodesk.producttest.CreateProductsTest" name="CreateProductTest" time="22.444"/>
  <testcase classname="com.crm.autodesk.contacttest.CreateContactWithOrganizationTest" name="createContactWithOrg" time="13.154"/>
  <testcase classname="com.crm.autodesk.producttest.CreateProductWithVendorTest" name="createProductWithVendorTest" time="10.15"/>
  <testcase classname="com.crm.autodesk.contacttest.CreateContactTest" name="createContactTest" time="9.288"/>
  <testcase classname="com.crm.autodesk.genericUtility.BaseClass" name="@BeforeSuite openDbConnection" time="0.0">
    <ignored/>
  </testcase> <!-- @BeforeSuite openDbConnection -->
  <testcase classname="com.crm.autodesk.genericUtility.BaseClass" name="@BeforeSuite openDbConnection" time="0.0">
    <ignored/>
  </testcase> <!-- @BeforeSuite openDbConnection -->
  <testcase classname="com.crm.autodesk.genericUtility.BaseClass" name="@BeforeSuite openDbConnection" time="0.0">
    <ignored/>
  </testcase> <!-- @BeforeSuite openDbConnection -->
  <testcase classname="com.crm.autodesk.genericUtility.BaseClass" name="@AfterSuite closeDbConnection" time="0.0">
    <ignored/>
  </testcase> <!-- @AfterSuite closeDbConnection -->
  <testcase classname="com.crm.autodesk.genericUtility.BaseClass" name="@AfterSuite closeDbConnection" time="0.0">
    <ignored/>
  </testcase> <!-- @AfterSuite closeDbConnection -->
  <testcase classname="com.crm.autodesk.genericUtility.BaseClass" name="@AfterSuite closeDbConnection" time="0.0">
    <ignored/>
  </testcase> <!-- @AfterSuite closeDbConnection -->
</testsuite> <!-- Test -->
