<?xml version="1.0" encoding="UTF-8"?>
<!-- Generated by org.testng.reporters.JUnitXMLReporter -->
<testsuite ignored="1" hostname="DESKTOP-EIOB9NI" failures="0" tests="1" name="Test" time="10.262" errors="0" timestamp="2021-12-27T11:59:00 IST">
  <testcase classname="com.crm.autodesk.contacttest.CreateContactWithOrganizationTest" name="createOrgDemo" time="0.009"/>
  <testcase classname="com.crm.autodesk.contacttest.CreateContactWithOrganizationTest" name="createContactWithOrg" time="0.0">
    <ignored/>
  </testcase> <!-- createContactWithOrg -->
</testsuite> <!-- Test -->
